<?xml version="1.0" encoding="UTF-8"?>
<testsuite xmlns:xsi="http://www.w3.org/2001/XMLSchema-instance" xsi:noNamespaceSchemaLocation="https://maven.apache.org/surefire/maven-surefire-plugin/xsd/surefire-test-report.xsd" name="com.example.servingwebcontent.ServingnWebContentApplicationTest" time="4.851" tests="1" errors="0" skipped="0" failures="1">
  <properties>
[...]
</properties>
  <testcase name="homePage" classname="com.example.servingwebcontent.ServingnWebContentApplicationTest" time="0.541">
    <failure message="Response content&#10;Expected: a string containing &quot;Get your greeting&quot;&#10;     but: was &quot;&lt;!DOCTYPE HTML&gt;&#10;&lt;html&gt;&#10;&lt;head&gt;&#10;&lt;title&gt;Getting Started: Serving Web Content&lt;/title&gt;&#10;&lt;meta http-equiv=&quot;Content-Type&quot; content=&quot;text/html; charset=UTF-8&quot; /&gt;&#10;&lt;/head&gt;&#10;&lt;body&gt;&#10;	&lt;br&gt;&#10;	&lt;p&gt;Database/Rest API linking is not complete. But, back-end is pretty thorough for the code. Database Tables etc are existent.&lt;/p&gt;&#10;	&lt;br&gt;&#10;	&lt;br&gt;&#10;	&lt;p&gt;&lt;p&gt;Log into your user!&lt;/p&gt;&#10;	&lt;form action=&quot;/transaction&quot;&gt;&#10;		&lt;label for=&quot;user_id&quot;&gt;Username:&lt;/label&gt; &lt;input type=&quot;text&quot; id=&quot;user_id&quot;&#10;			name=&quot;user_id&quot;&gt;&lt;br&gt; &lt;br&gt;&#10;		&lt;label for=&quot;pass_word&quot;&gt;Password:&lt;/label&gt; &lt;input type=&quot;text&quot; id=&quot;pass_word&quot;&#10;			name=&quot;pass_word&quot;&gt;&lt;br&gt;&#10;		&lt;br&gt; &lt;input type=&quot;submit&quot; value=&quot;Submit&quot;&gt;&#10;	&lt;/form&gt;&#10;&lt;/body&gt;&#10;&lt;/html&gt;&#10;&quot;" type="java.lang.AssertionError"><![CDATA[java.lang.AssertionError: 
Response content
Expected: a string containing "Get your greeting"
     but: was "<!DOCTYPE HTML>
<html>
<head>
<title>Getting Started: Serving Web Content</title>
<meta http-equiv="Content-Type" content="text/html; charset=UTF-8" />
</head>
<body>
	<br>
	<p>Database/Rest API linking is not complete. But, back-end is pretty thorough for the code. Database Tables etc are existent.</p>
	<br>
	<br>
	<p><p>Log into your user!</p>
	<form action="/transaction">
		<label for="user_id">Username:</label> <input type="text" id="user_id"
			name="user_id"><br> <br>
		<label for="pass_word">Password:</label> <input type="text" id="pass_word"
			name="pass_word"><br>
		<br> <input type="submit" value="Submit">
	</form>
</body>
</html>
"
	at com.example.servingwebcontent.ServingnWebContentApplicationTest.homePage(ServingnWebContentApplicationTest.java:39)
]]></failure>
    <system-out><![CDATA[10:16:23.707 [main] DEBUG org.springframework.test.context.BootstrapUtils - Instantiating CacheAwareContextLoaderDelegate from class [org.springframework.test.context.cache.DefaultCacheAwareContextLoaderDelegate]
10:16:23.745 [main] DEBUG org.springframework.test.context.BootstrapUtils - Instantiating BootstrapContext using constructor [public org.springframework.test.context.support.DefaultBootstrapContext(java.lang.Class,org.springframework.test.context.CacheAwareContextLoaderDelegate)]
10:16:23.821 [main] DEBUG org.springframework.test.context.BootstrapUtils - Instantiating TestContextBootstrapper for test class [com.example.servingwebcontent.ServingnWebContentApplicationTest] from class [org.springframework.boot.test.autoconfigure.web.servlet.WebMvcTestContextBootstrapper]
10:16:23.860 [main] INFO org.springframework.boot.test.autoconfigure.web.servlet.WebMvcTestContextBootstrapper - Neither @ContextConfiguration nor @ContextHierarchy found for test class [com.example.servingwebcontent.ServingnWebContentApplicationTest], using SpringBootContextLoader
10:16:23.871 [main] DEBUG org.springframework.test.context.support.AbstractContextLoader - Did not detect default resource location for test class [com.example.servingwebcontent.ServingnWebContentApplicationTest]: class path resource [com/example/servingwebcontent/ServingnWebContentApplicationTest-context.xml] does not exist
10:16:23.872 [main] DEBUG org.springframework.test.context.support.AbstractContextLoader - Did not detect default resource location for test class [com.example.servingwebcontent.ServingnWebContentApplicationTest]: class path resource [com/example/servingwebcontent/ServingnWebContentApplicationTestContext.groovy] does not exist
10:16:23.873 [main] INFO org.springframework.test.context.support.AbstractContextLoader - Could not detect default resource locations for test class [com.example.servingwebcontent.ServingnWebContentApplicationTest]: no resource found for suffixes {-context.xml, Context.groovy}.
10:16:23.875 [main] INFO org.springframework.test.context.support.AnnotationConfigContextLoaderUtils - Could not detect default configuration classes for test class [com.example.servingwebcontent.ServingnWebContentApplicationTest]: ServingnWebContentApplicationTest does not declare any static, non-private, non-final, nested classes annotated with @Configuration.
10:16:23.992 [main] DEBUG org.springframework.test.context.support.ActiveProfilesUtils - Could not find an 'annotation declaring class' for annotation type [org.springframework.test.context.ActiveProfiles] and class [com.example.servingwebcontent.ServingnWebContentApplicationTest]
10:16:24.100 [main] DEBUG org.springframework.context.annotation.ClassPathScanningCandidateComponentProvider - Identified candidate component class: file [C:\Users\hp\Documents\workspace-spring-tool-suite-4-4.6.0.RELEASE\gs-serving-web-content-complete\target\classes\com\example\servingwebcontent\ServingWebContentApplication.class]
10:16:24.120 [main] INFO org.springframework.boot.test.context.SpringBootTestContextBootstrapper - Found @SpringBootConfiguration com.example.servingwebcontent.ServingWebContentApplication for test class com.example.servingwebcontent.ServingnWebContentApplicationTest
10:16:24.124 [main] DEBUG org.springframework.boot.test.autoconfigure.web.servlet.WebMvcTestContextBootstrapper - @TestExecutionListeners is not present for class [com.example.servingwebcontent.ServingnWebContentApplicationTest]: using defaults.
10:16:24.125 [main] INFO org.springframework.boot.test.autoconfigure.web.servlet.WebMvcTestContextBootstrapper - Loaded default TestExecutionListener class names from location [META-INF/spring.factories]: [org.springframework.boot.test.mock.mockito.MockitoTestExecutionListener, org.springframework.boot.test.mock.mockito.ResetMocksTestExecutionListener, org.springframework.boot.test.autoconfigure.restdocs.RestDocsTestExecutionListener, org.springframework.boot.test.autoconfigure.web.client.MockRestServiceServerResetTestExecutionListener, org.springframework.boot.test.autoconfigure.web.servlet.MockMvcPrintOnlyOnFailureTestExecutionListener, org.springframework.boot.test.autoconfigure.web.servlet.WebDriverTestExecutionListener, org.springframework.test.context.web.ServletTestExecutionListener, org.springframework.test.context.support.DirtiesContextBeforeModesTestExecutionListener, org.springframework.test.context.support.DependencyInjectionTestExecutionListener, org.springframework.test.context.support.DirtiesContextTestExecutionListener, org.springframework.test.context.transaction.TransactionalTestExecutionListener, org.springframework.test.context.jdbc.SqlScriptsTestExecutionListener, org.springframework.test.context.event.EventPublishingTestExecutionListener]
10:16:24.160 [main] INFO org.springframework.boot.test.autoconfigure.web.servlet.WebMvcTestContextBootstrapper - Using TestExecutionListeners: [org.springframework.test.context.web.ServletTestExecutionListener@2abf4075, org.springframework.test.context.support.DirtiesContextBeforeModesTestExecutionListener@770d3326, org.springframework.boot.test.mock.mockito.MockitoTestExecutionListener@4cc8eb05, org.springframework.boot.test.autoconfigure.SpringBootDependencyInjectionTestExecutionListener@51f116b8, org.springframework.test.context.support.DirtiesContextTestExecutionListener@19d481b, org.springframework.test.context.transaction.TransactionalTestExecutionListener@1f97cf0d, org.springframework.test.context.jdbc.SqlScriptsTestExecutionListener@140c9f39, org.springframework.test.context.event.EventPublishingTestExecutionListener@4d910fd6, org.springframework.boot.test.mock.mockito.ResetMocksTestExecutionListener@26275bef, org.springframework.boot.test.autoconfigure.restdocs.RestDocsTestExecutionListener@7690781, org.springframework.boot.test.autoconfigure.web.client.MockRestServiceServerResetTestExecutionListener@77eca502, org.springframework.boot.test.autoconfigure.web.servlet.MockMvcPrintOnlyOnFailureTestExecutionListener@3246fb96, org.springframework.boot.test.autoconfigure.web.servlet.WebDriverTestExecutionListener@2e222612]
10:16:24.178 [main] DEBUG org.springframework.test.context.support.AbstractDirtiesContextTestExecutionListener - Before test class: context [DefaultTestContext@2cd2a21f testClass = ServingnWebContentApplicationTest, testInstance = [null], testMethod = [null], testException = [null], mergedContextConfiguration = [WebMergedContextConfiguration@2e55dd0c testClass = ServingnWebContentApplicationTest, locations = '{}', classes = '{class com.example.servingwebcontent.ServingWebContentApplication}', contextInitializerClasses = '[]', activeProfiles = '{}', propertySourceLocations = '{}', propertySourceProperties = '{org.springframework.boot.test.autoconfigure.web.servlet.WebMvcTestContextBootstrapper=true}', contextCustomizers = set[[ImportsContextCustomizer@74455848 key = [org.springframework.boot.autoconfigure.cache.CacheAutoConfiguration, org.springframework.boot.autoconfigure.context.MessageSourceAutoConfiguration, org.springframework.boot.autoconfigure.data.web.SpringDataWebAutoConfiguration, org.springframework.boot.autoconfigure.freemarker.FreeMarkerAutoConfiguration, org.springframework.boot.autoconfigure.groovy.template.GroovyTemplateAutoConfiguration, org.springframework.boot.autoconfigure.gson.GsonAutoConfiguration, org.springframework.boot.autoconfigure.hateoas.HypermediaAutoConfiguration, org.springframework.boot.autoconfigure.http.HttpMessageConvertersAutoConfiguration, org.springframework.boot.autoconfigure.jackson.JacksonAutoConfiguration, org.springframework.boot.autoconfigure.jsonb.JsonbAutoConfiguration, org.springframework.boot.autoconfigure.mustache.MustacheAutoConfiguration, org.springframework.boot.autoconfigure.task.TaskExecutionAutoConfiguration, org.springframework.boot.autoconfigure.thymeleaf.ThymeleafAutoConfiguration, org.springframework.boot.autoconfigure.validation.ValidationAutoConfiguration, org.springframework.boot.autoconfigure.web.servlet.error.ErrorMvcAutoConfiguration, org.springframework.boot.autoconfigure.web.servlet.WebMvcAutoConfiguration, org.springframework.boot.test.autoconfigure.web.servlet.MockMvcAutoConfiguration, org.springframework.boot.test.autoconfigure.web.servlet.MockMvcWebClientAutoConfiguration, org.springframework.boot.test.autoconfigure.web.servlet.MockMvcWebDriverAutoConfiguration, org.springframework.boot.autoconfigure.security.servlet.SecurityAutoConfiguration, org.springframework.boot.autoconfigure.security.servlet.UserDetailsServiceAutoConfiguration, org.springframework.boot.test.autoconfigure.web.servlet.MockMvcSecurityConfiguration]], org.springframework.boot.test.context.filter.ExcludeFilterContextCustomizer@38c6f217, org.springframework.boot.test.json.DuplicateJsonObjectContextCustomizerFactory$DuplicateJsonObjectContextCustomizer@3a93b025, org.springframework.boot.test.mock.mockito.MockitoContextCustomizer@0, org.springframework.boot.test.autoconfigure.OverrideAutoConfigurationContextCustomizerFactory$DisableAutoConfigurationContextCustomizer@4ec4f3a0, org.springframework.boot.test.autoconfigure.filter.TypeExcludeFiltersContextCustomizer@38cd5d78, org.springframework.boot.test.autoconfigure.properties.PropertyMappingContextCustomizer@a8ae123, org.springframework.boot.test.autoconfigure.web.servlet.WebDriverContextCustomizerFactory$Customizer@36fc695d], resourceBasePath = 'src/main/webapp', contextLoader = 'org.springframework.boot.test.context.SpringBootContextLoader', parent = [null]], attributes = map[[empty]]], class annotated with @DirtiesContext [false] with mode [null].
10:16:24.200 [main] DEBUG org.springframework.test.context.support.DependencyInjectionTestExecutionListener - Performing dependency injection for test context [[DefaultTestContext@2cd2a21f testClass = ServingnWebContentApplicationTest, testInstance = com.example.servingwebcontent.ServingnWebContentApplicationTest@6d3a388c, testMethod = [null], testException = [null], mergedContextConfiguration = [WebMergedContextConfiguration@2e55dd0c testClass = ServingnWebContentApplicationTest, locations = '{}', classes = '{class com.example.servingwebcontent.ServingWebContentApplication}', contextInitializerClasses = '[]', activeProfiles = '{}', propertySourceLocations = '{}', propertySourceProperties = '{org.springframework.boot.test.autoconfigure.web.servlet.WebMvcTestContextBootstrapper=true}', contextCustomizers = set[[ImportsContextCustomizer@74455848 key = [org.springframework.boot.autoconfigure.cache.CacheAutoConfiguration, org.springframework.boot.autoconfigure.context.MessageSourceAutoConfiguration, org.springframework.boot.autoconfigure.data.web.SpringDataWebAutoConfiguration, org.springframework.boot.autoconfigure.freemarker.FreeMarkerAutoConfiguration, org.springframework.boot.autoconfigure.groovy.template.GroovyTemplateAutoConfiguration, org.springframework.boot.autoconfigure.gson.GsonAutoConfiguration, org.springframework.boot.autoconfigure.hateoas.HypermediaAutoConfiguration, org.springframework.boot.autoconfigure.http.HttpMessageConvertersAutoConfiguration, org.springframework.boot.autoconfigure.jackson.JacksonAutoConfiguration, org.springframework.boot.autoconfigure.jsonb.JsonbAutoConfiguration, org.springframework.boot.autoconfigure.mustache.MustacheAutoConfiguration, org.springframework.boot.autoconfigure.task.TaskExecutionAutoConfiguration, org.springframework.boot.autoconfigure.thymeleaf.ThymeleafAutoConfiguration, org.springframework.boot.autoconfigure.validation.ValidationAutoConfiguration, org.springframework.boot.autoconfigure.web.servlet.error.ErrorMvcAutoConfiguration, org.springframework.boot.autoconfigure.web.servlet.WebMvcAutoConfiguration, org.springframework.boot.test.autoconfigure.web.servlet.MockMvcAutoConfiguration, org.springframework.boot.test.autoconfigure.web.servlet.MockMvcWebClientAutoConfiguration, org.springframework.boot.test.autoconfigure.web.servlet.MockMvcWebDriverAutoConfiguration, org.springframework.boot.autoconfigure.security.servlet.SecurityAutoConfiguration, org.springframework.boot.autoconfigure.security.servlet.UserDetailsServiceAutoConfiguration, org.springframework.boot.test.autoconfigure.web.servlet.MockMvcSecurityConfiguration]], org.springframework.boot.test.context.filter.ExcludeFilterContextCustomizer@38c6f217, org.springframework.boot.test.json.DuplicateJsonObjectContextCustomizerFactory$DuplicateJsonObjectContextCustomizer@3a93b025, org.springframework.boot.test.mock.mockito.MockitoContextCustomizer@0, org.springframework.boot.test.autoconfigure.OverrideAutoConfigurationContextCustomizerFactory$DisableAutoConfigurationContextCustomizer@4ec4f3a0, org.springframework.boot.test.autoconfigure.filter.TypeExcludeFiltersContextCustomizer@38cd5d78, org.springframework.boot.test.autoconfigure.properties.PropertyMappingContextCustomizer@a8ae123, org.springframework.boot.test.autoconfigure.web.servlet.WebDriverContextCustomizerFactory$Customizer@36fc695d], resourceBasePath = 'src/main/webapp', contextLoader = 'org.springframework.boot.test.context.SpringBootContextLoader', parent = [null]], attributes = map[[empty]]]].
10:16:24.473 [main] DEBUG org.springframework.test.context.support.TestPropertySourceUtils - Adding inlined properties to environment: {spring.jmx.enabled=false, org.springframework.boot.test.autoconfigure.web.servlet.WebMvcTestContextBootstrapper=true, server.port=-1}

  .   ____          _            __ _ _
 /\\ / ___'_ __ _ _(_)_ __  __ _ \ \ \ \
( ( )\___ | '_ | '_| | '_ \/ _` | \ \ \ \
 \\/  ___)| |_)| | | | | || (_| |  ) ) ) )
  '  |____| .__|_| |_|_| |_\__, | / / / /
 =========|_|==============|___/=/_/_/_/
 :: Spring Boot ::        (v2.2.2.RELEASE)

2020-04-06 10:16:24.994  INFO 4180 --- [           main] c.e.s.ServingnWebContentApplicationTest  : Starting ServingnWebContentApplicationTest on DESKTOP-NVDLI0B with PID 4180 (started by hp in C:\Users\hp\Documents\workspace-spring-tool-suite-4-4.6.0.RELEASE\gs-serving-web-content-complete)
2020-04-06 10:16:24.999  INFO 4180 --- [           main] c.e.s.ServingnWebContentApplicationTest  : No active profile set, falling back to default profiles: default
2020-04-06 10:16:27.214  INFO 4180 --- [           main] o.s.s.concurrent.ThreadPoolTaskExecutor  : Initializing ExecutorService 'applicationTaskExecutor'
2020-04-06 10:16:27.453  INFO 4180 --- [           main] o.s.b.a.w.s.WelcomePageHandlerMapping    : Adding welcome page: class path resource [static/index.html]
2020-04-06 10:16:27.813  INFO 4180 --- [           main] o.s.b.t.m.w.SpringBootMockServletContext : Initializing Spring TestDispatcherServlet ''
2020-04-06 10:16:27.813  INFO 4180 --- [           main] o.s.t.web.servlet.TestDispatcherServlet  : Initializing Servlet ''
2020-04-06 10:16:27.839  INFO 4180 --- [           main] o.s.t.web.servlet.TestDispatcherServlet  : Completed initialization in 25 ms
2020-04-06 10:16:27.886  INFO 4180 --- [           main] c.e.s.ServingnWebContentApplicationTest  : Started ServingnWebContentApplicationTest in 3.392 seconds (JVM running for 5.49)

MockHttpServletRequest:
      HTTP Method = GET
      Request URI = /index.html
       Parameters = {}
          Headers = []
             Body = <no character encoding set>
    Session Attrs = {}

Handler:
             Type = org.springframework.web.servlet.resource.ResourceHttpRequestHandler

Async:
    Async started = false
     Async result = null

Resolved Exception:
             Type = null

ModelAndView:
        View name = null
             View = null
            Model = null

FlashMap:
       Attributes = null

MockHttpServletResponse:
           Status = 200
    Error message = null
          Headers = [Vary:"Origin", "Access-Control-Request-Method", "Access-Control-Request-Headers", Last-Modified:"Mon, 06 Apr 2020 15:11:22 GMT", Content-Length:"650", Content-Type:"text/html", Accept-Ranges:"bytes"]
     Content type = text/html
             Body = <!DOCTYPE HTML>
<html>
<head>
<title>Getting Started: Serving Web Content</title>
<meta http-equiv="Content-Type" content="text/html; charset=UTF-8" />
</head>
<body>
	<br>
	<p>Database/Rest API linking is not complete. But, back-end is pretty thorough for the code. Database Tables etc are existent.</p>
	<br>
	<br>
	<p><p>Log into your user!</p>
	<form action="/transaction">
		<label for="user_id">Username:</label> <input type="text" id="user_id"
			name="user_id"><br> <br>
		<label for="pass_word">Password:</label> <input type="text" id="pass_word"
			name="pass_word"><br>
		<br> <input type="submit" value="Submit">
	</form>
</body>
</html>

    Forwarded URL = null
   Redirected URL = null
          Cookies = []
]]></system-out>
  </testcase>
</testsuite>